#! /usr/bin/vvp
:ivl_version "10.3 (stable)";
:ivl_delay_selection "TYPICAL";
:vpi_time_precision + 0;
:vpi_module "system";
:vpi_module "vhdl_sys";
:vpi_module "v2005_math";
:vpi_module "va_math";
S_0x7fffb8bd3a30 .scope module, "Exemplo_0507" "Exemplo_0507" 2 20;
 .timescale 0 0;
v0x7fffb8c0a2e0_0 .net "a", 0 0, L_0x7fffb8c0a800;  1 drivers
v0x7fffb8c0a3b0_0 .net "b", 0 0, L_0x7fffb8c0a9d0;  1 drivers
v0x7fffb8c0a480_0 .var "x", 0 0;
v0x7fffb8c0a5a0_0 .var "y", 0 0;
S_0x7fffb8bbf030 .scope begin, "main" "main" 2 29, 2 29 0, S_0x7fffb8bd3a30;
 .timescale 0 0;
S_0x7fffb8bbf1b0 .scope module, "moduloA" "nandmultiplos" 2 25, 2 7 0, S_0x7fffb8bd3a30;
 .timescale 0 0;
    .port_info 0 /OUTPUT 1 "exit"
    .port_info 1 /INPUT 1 "x"
    .port_info 2 /INPUT 1 "y"
L_0x7fffb8bd33f0 .functor NAND 1, v0x7fffb8c0a480_0, v0x7fffb8c0a5a0_0, C4<1>, C4<1>;
L_0x7fffb8bd3460 .functor NAND 1, v0x7fffb8c0a480_0, v0x7fffb8c0a480_0, C4<1>, C4<1>;
L_0x7fffb8c0a690 .functor NAND 1, v0x7fffb8c0a5a0_0, v0x7fffb8c0a5a0_0, C4<1>, C4<1>;
L_0x7fffb8c0a730 .functor NAND 1, L_0x7fffb8bd3460, L_0x7fffb8c0a690, C4<1>, C4<1>;
L_0x7fffb8c0a800 .functor NAND 1, L_0x7fffb8bd33f0, L_0x7fffb8c0a730, C4<1>, C4<1>;
v0x7fffb8bd42b0_0 .net "exit", 0 0, L_0x7fffb8c0a800;  alias, 1 drivers
v0x7fffb8c09800_0 .net "line1", 0 0, L_0x7fffb8bd33f0;  1 drivers
v0x7fffb8c098c0_0 .net "line2", 0 0, L_0x7fffb8c0a730;  1 drivers
v0x7fffb8c09960_0 .net "not_x", 0 0, L_0x7fffb8bd3460;  1 drivers
v0x7fffb8c09a20_0 .net "not_y", 0 0, L_0x7fffb8c0a690;  1 drivers
v0x7fffb8c09b30_0 .net "x", 0 0, v0x7fffb8c0a480_0;  1 drivers
v0x7fffb8c09bf0_0 .net "y", 0 0, v0x7fffb8c0a5a0_0;  1 drivers
S_0x7fffb8c09d30 .scope module, "moduloB" "ou" 2 26, 2 16 0, S_0x7fffb8bd3a30;
 .timescale 0 0;
    .port_info 0 /OUTPUT 1 "exit"
    .port_info 1 /INPUT 1 "x"
    .port_info 2 /INPUT 1 "y"
L_0x7fffb8c0a960 .functor XOR 1, v0x7fffb8c0a480_0, v0x7fffb8c0a5a0_0, C4<0>, C4<0>;
L_0x7fffb8c0a9d0 .functor NOT 1, L_0x7fffb8c0a960, C4<0>, C4<0>, C4<0>;
v0x7fffb8c09f50_0 .net *"_s0", 0 0, L_0x7fffb8c0a960;  1 drivers
v0x7fffb8c0a030_0 .net "exit", 0 0, L_0x7fffb8c0a9d0;  alias, 1 drivers
v0x7fffb8c0a0f0_0 .net "x", 0 0, v0x7fffb8c0a480_0;  alias, 1 drivers
v0x7fffb8c0a1f0_0 .net "y", 0 0, v0x7fffb8c0a5a0_0;  alias, 1 drivers
    .scope S_0x7fffb8bd3a30;
T_0 ;
    %fork t_1, S_0x7fffb8bbf030;
    %jmp t_0;
    .scope S_0x7fffb8bbf030;
t_1 ;
    %vpi_call 2 30 "$display", "Exemplo_0507 - Marcos Ani Cury Vinagre Silva - 684903" {0 0 0};
    %vpi_call 2 31 "$display", "   x    y    a    b" {0 0 0};
    %vpi_call 2 32 "$monitor", "%4b %4b %4b %4b", v0x7fffb8c0a480_0, v0x7fffb8c0a5a0_0, v0x7fffb8c0a2e0_0, v0x7fffb8c0a3b0_0 {0 0 0};
    %pushi/vec4 0, 0, 1;
    %store/vec4 v0x7fffb8c0a480_0, 0, 1;
    %pushi/vec4 0, 0, 1;
    %store/vec4 v0x7fffb8c0a5a0_0, 0, 1;
    %delay 1, 0;
    %pushi/vec4 0, 0, 1;
    %store/vec4 v0x7fffb8c0a480_0, 0, 1;
    %pushi/vec4 1, 0, 1;
    %store/vec4 v0x7fffb8c0a5a0_0, 0, 1;
    %delay 1, 0;
    %pushi/vec4 1, 0, 1;
    %store/vec4 v0x7fffb8c0a480_0, 0, 1;
    %pushi/vec4 0, 0, 1;
    %store/vec4 v0x7fffb8c0a5a0_0, 0, 1;
    %delay 1, 0;
    %pushi/vec4 1, 0, 1;
    %store/vec4 v0x7fffb8c0a480_0, 0, 1;
    %pushi/vec4 1, 0, 1;
    %store/vec4 v0x7fffb8c0a5a0_0, 0, 1;
    %end;
    .scope S_0x7fffb8bd3a30;
t_0 %join;
    %end;
    .thread T_0;
# The file index is used to find the file name in the following table.
:file_names 3;
    "N/A";
    "<interactive>";
    "Exemplo_0507.v";
