#! /usr/bin/vvp
:ivl_version "10.3 (stable)";
:ivl_delay_selection "TYPICAL";
:vpi_time_precision + 0;
:vpi_module "system";
:vpi_module "vhdl_sys";
:vpi_module "v2005_math";
:vpi_module "va_math";
S_0x7ffff13e41e0 .scope module, "Exemplo_0502" "Exemplo_0502" 2 21;
 .timescale 0 0;
v0x7ffff1418400_0 .net "a", 0 0, L_0x7ffff13e2550;  1 drivers
v0x7ffff14184d0_0 .net "b", 0 0, L_0x7ffff1418850;  1 drivers
v0x7ffff14185a0_0 .var "x", 0 0;
v0x7ffff14186c0_0 .var "y", 0 0;
S_0x7ffff13cf030 .scope begin, "main" "main" 2 30, 2 30 0, S_0x7ffff13e41e0;
 .timescale 0 0;
S_0x7ffff13cf200 .scope module, "moduloA" "a" 2 26, 2 7 0, S_0x7ffff13e41e0;
 .timescale 0 0;
    .port_info 0 /OUTPUT 1 "s"
    .port_info 1 /INPUT 1 "a"
    .port_info 2 /INPUT 1 "b"
L_0x7ffff13e24e0 .functor NOT 1, v0x7ffff14185a0_0, C4<0>, C4<0>, C4<0>;
L_0x7ffff13e2550 .functor OR 1, L_0x7ffff13e24e0, v0x7ffff14186c0_0, C4<0>, C4<0>;
v0x7ffff1404b00_0 .net "a", 0 0, v0x7ffff14185a0_0;  1 drivers
v0x7ffff1417c60_0 .net "b", 0 0, v0x7ffff14186c0_0;  1 drivers
v0x7ffff1417d20_0 .net "not_a", 0 0, L_0x7ffff13e24e0;  1 drivers
v0x7ffff1417dc0_0 .net "s", 0 0, L_0x7ffff13e2550;  alias, 1 drivers
S_0x7ffff1417f00 .scope module, "moduloB" "b" 2 27, 2 15 0, S_0x7ffff13e41e0;
 .timescale 0 0;
    .port_info 0 /OUTPUT 1 "s"
    .port_info 1 /INPUT 1 "a"
    .port_info 2 /INPUT 1 "b"
L_0x7ffff1418850 .functor OR 1, v0x7ffff14185a0_0, v0x7ffff14186c0_0, C4<0>, C4<0>;
v0x7ffff1418150_0 .net "a", 0 0, v0x7ffff14185a0_0;  alias, 1 drivers
v0x7ffff1418220_0 .net "b", 0 0, v0x7ffff14186c0_0;  alias, 1 drivers
v0x7ffff14182f0_0 .net "s", 0 0, L_0x7ffff1418850;  alias, 1 drivers
    .scope S_0x7ffff13e41e0;
T_0 ;
    %fork t_1, S_0x7ffff13cf030;
    %jmp t_0;
    .scope S_0x7ffff13cf030;
t_1 ;
    %vpi_call 2 31 "$display", "Exemplo_0502 - Victor Leite de Andrade - 656016" {0 0 0};
    %vpi_call 2 32 "$display", "   x    y    a    b" {0 0 0};
    %vpi_call 2 33 "$monitor", "%4b %4b %4b %4b", v0x7ffff14185a0_0, v0x7ffff14186c0_0, v0x7ffff1418400_0, v0x7ffff14184d0_0 {0 0 0};
    %pushi/vec4 0, 0, 1;
    %store/vec4 v0x7ffff14185a0_0, 0, 1;
    %pushi/vec4 0, 0, 1;
    %store/vec4 v0x7ffff14186c0_0, 0, 1;
    %delay 1, 0;
    %pushi/vec4 0, 0, 1;
    %store/vec4 v0x7ffff14185a0_0, 0, 1;
    %pushi/vec4 1, 0, 1;
    %store/vec4 v0x7ffff14186c0_0, 0, 1;
    %delay 1, 0;
    %pushi/vec4 1, 0, 1;
    %store/vec4 v0x7ffff14185a0_0, 0, 1;
    %pushi/vec4 0, 0, 1;
    %store/vec4 v0x7ffff14186c0_0, 0, 1;
    %delay 1, 0;
    %pushi/vec4 1, 0, 1;
    %store/vec4 v0x7ffff14185a0_0, 0, 1;
    %pushi/vec4 1, 0, 1;
    %store/vec4 v0x7ffff14186c0_0, 0, 1;
    %end;
    .scope S_0x7ffff13e41e0;
t_0 %join;
    %end;
    .thread T_0;
# The file index is used to find the file name in the following table.
:file_names 3;
    "N/A";
    "<interactive>";
    "Exemplo_0502.v";
